<?xml version="1.0" encoding="UTF-8"?>
<testng-results skipped="0" failed="1" total="1" passed="0">
  <reporter-output>
  </reporter-output>
  <suite name="Default suite" duration-ms="44565" started-at="2020-12-04T09:59:06Z" finished-at="2020-12-04T09:59:51Z">
    <groups>
    </groups>
    <test name="Default test" duration-ms="44565" started-at="2020-12-04T09:59:06Z" finished-at="2020-12-04T09:59:51Z">
      <class name="Scenarios.Suite.AppSuite.CountrySuite">
        <test-method status="PASS" signature="launchBrowserAndNavigateToDistro()[pri:0, instance:Scenarios.Suite.AppSuite.CountrySuite@43ee72e6]" name="launchBrowserAndNavigateToDistro" is-config="true" duration-ms="7599" started-at="2020-12-04T15:28:59Z" finished-at="2020-12-04T15:29:06Z">
          <reporter-output>
          </reporter-output>
        </test-method> <!-- launchBrowserAndNavigateToDistro -->
        <test-method status="PASS" signature="navigateToCountryMaster()[pri:0, instance:Scenarios.Suite.AppSuite.CountrySuite@43ee72e6]" name="navigateToCountryMaster" is-config="true" duration-ms="14443" started-at="2020-12-04T15:29:06Z" finished-at="2020-12-04T15:29:21Z">
          <reporter-output>
          </reporter-output>
        </test-method> <!-- navigateToCountryMaster -->
        <test-method status="FAIL" signature="addCountry()[pri:0, instance:Scenarios.Suite.AppSuite.CountrySuite@43ee72e6]" name="addCountry" duration-ms="30067" started-at="2020-12-04T15:29:21Z" finished-at="2020-12-04T15:29:51Z">
          <exception class="org.openqa.selenium.TimeoutException">
            <message>
              <![CDATA[Expected condition failed: waiting for visibility of element located by By.xpath: //input[contains(@id,'TextBoxCountry')] (tried for 20 second(s) with 500 milliseconds interval)]]>
            </message>
            <full-stacktrace>
              <![CDATA[org.openqa.selenium.TimeoutException: Expected condition failed: waiting for visibility of element located by By.xpath: //input[contains(@id,'TextBoxCountry')] (tried for 20 second(s) with 500 milliseconds interval)
	at org.openqa.selenium.support.ui.WebDriverWait.timeoutException(WebDriverWait.java:95)
	at org.openqa.selenium.support.ui.FluentWait.until(FluentWait.java:272)
	at Distro.LPDnD.Pages.pages.CommonFunctions.waitTillVisbilityOfElement(CommonFunctions.java:183)
	at Distro.LPDnD.Pages.pages.login.dashboard.masters.AddressMaster.Country.Country.addCountry(Country.java:30)
	at Scenarios.Suite.AppSuite.CountrySuite.addCountry(CountrySuite.java:26)
	at sun.reflect.NativeMethodAccessorImpl.invoke0(Native Method)
	at sun.reflect.NativeMethodAccessorImpl.invoke(NativeMethodAccessorImpl.java:62)
	at sun.reflect.DelegatingMethodAccessorImpl.invoke(DelegatingMethodAccessorImpl.java:43)
	at java.lang.reflect.Method.invoke(Method.java:498)
	at org.testng.internal.MethodInvocationHelper.invokeMethod(MethodInvocationHelper.java:80)
	at org.testng.internal.Invoker.invokeMethod(Invoker.java:714)
	at org.testng.internal.Invoker.invokeTestMethod(Invoker.java:901)
	at org.testng.internal.Invoker.invokeTestMethods(Invoker.java:1231)
	at org.testng.internal.TestMethodWorker.invokeTestMethods(TestMethodWorker.java:127)
	at org.testng.internal.TestMethodWorker.run(TestMethodWorker.java:111)
	at org.testng.TestRunner.privateRun(TestRunner.java:767)
	at org.testng.TestRunner.run(TestRunner.java:617)
	at org.testng.SuiteRunner.runTest(SuiteRunner.java:334)
	at org.testng.SuiteRunner.runSequentially(SuiteRunner.java:329)
	at org.testng.SuiteRunner.privateRun(SuiteRunner.java:291)
	at org.testng.SuiteRunner.run(SuiteRunner.java:240)
	at org.testng.SuiteRunnerWorker.runSuite(SuiteRunnerWorker.java:52)
	at org.testng.SuiteRunnerWorker.run(SuiteRunnerWorker.java:86)
	at org.testng.TestNG.runSuitesSequentially(TestNG.java:1198)
	at org.testng.TestNG.runSuitesLocally(TestNG.java:1123)
	at org.testng.TestNG.run(TestNG.java:1031)
	at org.testng.remote.AbstractRemoteTestNG.run(AbstractRemoteTestNG.java:115)
	at org.testng.remote.RemoteTestNG.initAndRun(RemoteTestNG.java:251)
	at org.testng.remote.RemoteTestNG.main(RemoteTestNG.java:77)
Caused by: org.openqa.selenium.NoSuchElementException: no such element: Unable to locate element: {"method":"xpath","selector":"//input[contains(@id,'TextBoxCountry')]"}
  (Session info: chrome=87.0.4280.88)
For documentation on this error, please visit: https://www.seleniumhq.org/exceptions/no_such_element.html
Build info: version: '3.141.59', revision: 'e82be7d358', time: '2018-11-14T08:17:03'
System info: host: 'SHEETALD', ip: '192.168.0.4', os.name: 'Windows 10', os.arch: 'amd64', os.version: '10.0', java.version: '1.8.0_271'
Driver info: org.openqa.selenium.chrome.ChromeDriver
Capabilities {acceptInsecureCerts: false, browserName: chrome, browserVersion: 87.0.4280.88, chrome: {chromedriverVersion: 87.0.4280.20 (c99e81631faa0..., userDataDir: C:\Users\SHEETA~1.DES\AppDa...}, goog:chromeOptions: {debuggerAddress: localhost:57347}, javascriptEnabled: true, networkConnectionEnabled: false, pageLoadStrategy: normal, platform: WINDOWS, platformName: WINDOWS, proxy: Proxy(), setWindowRect: true, strictFileInteractability: false, timeouts: {implicit: 0, pageLoad: 300000, script: 30000}, unhandledPromptBehavior: dismiss and notify, webauthn:virtualAuthenticators: true}
Session ID: e2e43fc8644a7c16a7ea5c906ab5f6be
*** Element info: {Using=xpath, value=//input[contains(@id,'TextBoxCountry')]}
	at sun.reflect.NativeConstructorAccessorImpl.newInstance0(Native Method)
	at sun.reflect.NativeConstructorAccessorImpl.newInstance(NativeConstructorAccessorImpl.java:62)
	at sun.reflect.DelegatingConstructorAccessorImpl.newInstance(DelegatingConstructorAccessorImpl.java:45)
	at java.lang.reflect.Constructor.newInstance(Constructor.java:423)
	at org.openqa.selenium.remote.http.W3CHttpResponseCodec.createException(W3CHttpResponseCodec.java:187)
	at org.openqa.selenium.remote.http.W3CHttpResponseCodec.decode(W3CHttpResponseCodec.java:122)
	at org.openqa.selenium.remote.http.W3CHttpResponseCodec.decode(W3CHttpResponseCodec.java:49)
	at org.openqa.selenium.remote.HttpCommandExecutor.execute(HttpCommandExecutor.java:158)
	at org.openqa.selenium.remote.service.DriverCommandExecutor.execute(DriverCommandExecutor.java:83)
	at org.openqa.selenium.remote.RemoteWebDriver.execute(RemoteWebDriver.java:552)
	at org.openqa.selenium.remote.RemoteWebDriver.findElement(RemoteWebDriver.java:323)
	at org.openqa.selenium.remote.RemoteWebDriver.findElementByXPath(RemoteWebDriver.java:428)
	at org.openqa.selenium.By$ByXPath.findElement(By.java:353)
	at org.openqa.selenium.remote.RemoteWebDriver.findElement(RemoteWebDriver.java:315)
	at org.openqa.selenium.support.ui.ExpectedConditions$7.apply(ExpectedConditions.java:205)
	at org.openqa.selenium.support.ui.ExpectedConditions$7.apply(ExpectedConditions.java:201)
	at org.openqa.selenium.support.ui.FluentWait.until(FluentWait.java:249)
	... 27 more
]]>
            </full-stacktrace>
          </exception> <!-- org.openqa.selenium.TimeoutException -->
          <reporter-output>
          </reporter-output>
        </test-method> <!-- addCountry -->
        <test-method status="PASS" signature="navigateToDashBoard()[pri:0, instance:Scenarios.Suite.AppSuite.CountrySuite@43ee72e6]" name="navigateToDashBoard" is-config="true" duration-ms="44" started-at="2020-12-04T15:29:51Z" finished-at="2020-12-04T15:29:51Z">
          <reporter-output>
          </reporter-output>
        </test-method> <!-- navigateToDashBoard -->
        <test-method status="PASS" signature="tearDown()[pri:0, instance:Scenarios.Suite.AppSuite.CountrySuite@43ee72e6]" name="tearDown" is-config="true" duration-ms="30723" started-at="2020-12-04T15:29:51Z" finished-at="2020-12-04T15:30:22Z">
          <reporter-output>
          </reporter-output>
        </test-method> <!-- tearDown -->
      </class> <!-- Scenarios.Suite.AppSuite.CountrySuite -->
    </test> <!-- Default test -->
  </suite> <!-- Default suite -->
</testng-results>
