<?xml version="1.0" encoding="UTF-8"?>
<testng-results skipped="0" failed="0" total="1" passed="1">
  <reporter-output>
  </reporter-output>
  <suite name="Default suite" duration-ms="2274" started-at="2020-12-04T10:57:21Z" finished-at="2020-12-04T10:57:23Z">
    <groups>
    </groups>
    <test name="Default test" duration-ms="2274" started-at="2020-12-04T10:57:21Z" finished-at="2020-12-04T10:57:23Z">
      <class name="Scenarios.Suite.AppSuite.StateSuite">
        <test-method status="PASS" signature="launchBrowserAndNavigateToDistro()[pri:0, instance:Scenarios.Suite.AppSuite.StateSuite@43ee72e6]" name="launchBrowserAndNavigateToDistro" is-config="true" duration-ms="27089" started-at="2020-12-04T16:26:54Z" finished-at="2020-12-04T16:27:21Z">
          <reporter-output>
          </reporter-output>
        </test-method> <!-- launchBrowserAndNavigateToDistro -->
        <test-method status="PASS" signature="NavigateToCountryMaster()[pri:0, instance:Scenarios.Suite.AppSuite.StateSuite@43ee72e6]" name="NavigateToCountryMaster" is-config="true" duration-ms="940" started-at="2020-12-04T16:27:21Z" finished-at="2020-12-04T16:27:22Z">
          <reporter-output>
          </reporter-output>
        </test-method> <!-- NavigateToCountryMaster -->
        <test-method status="PASS" signature="addState()[pri:0, instance:Scenarios.Suite.AppSuite.StateSuite@43ee72e6]" name="addState" duration-ms="497" started-at="2020-12-04T16:27:22Z" finished-at="2020-12-04T16:27:22Z">
          <reporter-output>
          </reporter-output>
        </test-method> <!-- addState -->
        <test-method status="PASS" signature="navigateToDashBoard()[pri:0, instance:Scenarios.Suite.AppSuite.StateSuite@43ee72e6]" name="navigateToDashBoard" is-config="true" duration-ms="823" started-at="2020-12-04T16:27:22Z" finished-at="2020-12-04T16:27:23Z">
          <reporter-output>
          </reporter-output>
        </test-method> <!-- navigateToDashBoard -->
        <test-method status="PASS" signature="tearDown()[pri:0, instance:Scenarios.Suite.AppSuite.StateSuite@43ee72e6]" name="tearDown" is-config="true" duration-ms="871" started-at="2020-12-04T16:27:23Z" finished-at="2020-12-04T16:27:24Z">
          <reporter-output>
          </reporter-output>
        </test-method> <!-- tearDown -->
      </class> <!-- Scenarios.Suite.AppSuite.StateSuite -->
    </test> <!-- Default test -->
  </suite> <!-- Default suite -->
</testng-results>
